number,value,datetime_start,datetime_complete,duration,params_colsample_bytree,params_learning_rate,params_max_depth,params_min_child_weight,params_n_estimators,params_reg_lambda,params_subsample,system_attrs_tpe:relative_params:0,state
0,0.7492358558214061,2026-09-22 16:03:57.512571,2026-09-22 16:03:59.626011,0 days 00:00:02.113440,0.6624074561769746,0.1205712628744377,6,2,300,0.014936568554617643,0.8394633936788146,,COMPLETE
1,0.7551930245208653,2026-09-22 16:03:59.626011,2026-09-22 16:04:02.332480,0 days 00:00:02.706469,0.9879639408647978,0.11114989443094977,5,9,550,0.04335281794951567,0.608233797718321,,COMPLETE
2,0.773032642601799,2026-09-22 16:04:02.332480,2026-09-22 16:04:03.108627,0 days 00:00:00.776147,0.7727780074568463,0.028145092716060652,2,3,200,0.6847920095574779,0.8099025726528951,,COMPLETE
3,0.7738164823205789,2026-09-22 16:04:03.108627,2026-09-22 16:04:03.763902,0 days 00:00:00.655275,0.9140703845572055,0.03476649150592621,3,2,150,0.34890188454913873,0.7824279936868144,,COMPLETE
4,0.774995779527103,2026-09-22 16:04:03.763902,2026-09-22 16:04:06.095398,0 days 00:00:02.331496,0.6260206371941118,0.07896186801026692,2,10,400,7.886714129990489,0.6682096494749166,,COMPLETE
5,0.774540659525813,2026-09-22 16:04:06.095398,2026-09-22 16:04:09.527754,0 days 00:00:03.432356,0.7760609974958406,0.013940346079873234,3,2,500,0.3058656666978526,0.8736932106048627,,COMPLETE
6,0.7753303239908134,2026-09-22 16:04:09.527754,2026-09-22 16:04:10.636854,0 days 00:00:01.109100,0.7246844304357644,0.024112898115291985,6,6,100,0.43664735929796333,0.8650089137415928,,COMPLETE
7,0.7601774276933444,2026-09-22 16:04:10.636854,2026-09-22 16:04:12.686096,0 days 00:00:02.049242,0.9579309401710595,0.13962563737015762,6,6,200,5.829384542994738,0.9757995766256756,,COMPLETE
8,0.7671356958547881,2026-09-22 16:04:12.686096,2026-09-22 16:04:13.396989,0 days 00:00:00.710893,0.7554709158757928,0.011662890273931383,2,3,100,3.063462210622083,0.7301321323053057,,COMPLETE
9,0.7749387825753868,2026-09-22 16:04:13.396989,2026-09-22 16:04:15.015525,0 days 00:00:01.618536,0.9208787923016158,0.06333268775321843,3,1,250,9.133995846860973,0.6563696899899051,,COMPLETE
10,0.7750126943268617,2026-09-22 16:04:15.016523,2026-09-22 16:04:16.336755,0 days 00:00:01.320232,0.6278345741902283,0.013773977335445541,6,10,100,0.02862920675878274,0.8737239523738184,"{""colsample_bytree"": 0.6278345741902283, ""learning_rate"": 0.013773977335445541, ""max_depth"": 6, ""min_child_weight"": 10, ""n_estimators"": 100, ""reg_lambda"": 0.02862920675878274, ""subsample"": 0.8737239523738184}",COMPLETE
11,0.7754615617757117,2026-09-22 16:04:16.336755,2026-09-22 16:04:17.896330,0 days 00:00:01.559575,0.6301858738347106,0.0227157592861409,5,8,150,0.013808962022761107,0.9352710047219783,"{""colsample_bytree"": 0.6301858738347106, ""learning_rate"": 0.0227157592861409, ""max_depth"": 5, ""min_child_weight"": 8, ""n_estimators"": 150, ""reg_lambda"": 0.013808962022761107, ""subsample"": 0.9352710047219783}",COMPLETE
12,0.7756015860421968,2026-09-22 16:04:17.896330,2026-09-22 16:04:19.829232,0 days 00:00:01.932902,0.6226141121608478,0.013136241620785074,6,6,200,0.1117062584526268,0.9709314921616581,"{""colsample_bytree"": 0.6226141121608478, ""learning_rate"": 0.013136241620785074, ""max_depth"": 6, ""min_child_weight"": 6, ""n_estimators"": 200, ""reg_lambda"": 0.1117062584526268, ""subsample"": 0.9709314921616581}",COMPLETE
13,0.7719844844556609,2026-09-22 16:04:19.830227,2026-09-22 16:04:22.053428,0 days 00:00:02.223201,0.6772531917176217,0.03844416456996363,6,8,250,0.04683088850804859,0.9737966404496433,"{""colsample_bytree"": 0.6772531917176217, ""learning_rate"": 0.03844416456996363, ""max_depth"": 6, ""min_child_weight"": 8, ""n_estimators"": 250, ""reg_lambda"": 0.04683088850804859, ""subsample"": 0.9737966404496433}",COMPLETE
14,0.774410244445183,2026-09-22 16:04:22.053428,2026-09-22 16:04:23.190878,0 days 00:00:01.137450,0.6958836185487612,0.015984620382277374,6,4,100,0.7114300624559656,0.9842408615024771,"{""colsample_bytree"": 0.6958836185487612, ""learning_rate"": 0.015984620382277374, ""max_depth"": 6, ""min_child_weight"": 4, ""n_estimators"": 100, ""reg_lambda"": 0.7114300624559656, ""subsample"": 0.9842408615024771}",COMPLETE
15,0.773883614988882,2026-09-22 16:04:23.190878,2026-09-22 16:04:24.094733,0 days 00:00:00.903855,0.6757963329860989,0.01957080431456516,4,5,100,0.031761683429986705,0.871344909784374,"{""colsample_bytree"": 0.6757963329860989, ""learning_rate"": 0.01957080431456516, ""max_depth"": 4, ""min_child_weight"": 5, ""n_estimators"": 100, ""reg_lambda"": 0.031761683429986705, ""subsample"": 0.871344909784374}",COMPLETE
16,0.7750888109257759,2026-09-22 16:04:24.094733,2026-09-22 16:04:26.290812,0 days 00:00:02.196079,0.7302317175369298,0.010313707744100311,5,8,250,0.2826998105504995,0.9798662010077643,"{""colsample_bytree"": 0.7302317175369298, ""learning_rate"": 0.010313707744100311, ""max_depth"": 5, ""min_child_weight"": 8, ""n_estimators"": 250, ""reg_lambda"": 0.2826998105504995, ""subsample"": 0.9798662010077643}",COMPLETE
17,0.7746425761305848,2026-09-22 16:04:26.290812,2026-09-22 16:04:27.769639,0 days 00:00:01.478827,0.6719933961676801,0.011603537983766737,5,8,150,0.14181511784680342,0.8519563960797758,"{""colsample_bytree"": 0.6719933961676801, ""learning_rate"": 0.011603537983766737, ""max_depth"": 5, ""min_child_weight"": 8, ""n_estimators"": 150, ""reg_lambda"": 0.14181511784680342, ""subsample"": 0.8519563960797758}",COMPLETE
18,0.7729421780404435,2026-09-22 16:04:27.769639,2026-09-22 16:04:31.448286,0 days 00:00:03.678647,0.6250129355388958,0.02246963572724314,6,7,400,0.15026899177566558,0.999176435608086,"{""colsample_bytree"": 0.6250129355388958, ""learning_rate"": 0.02246963572724314, ""max_depth"": 6, ""min_child_weight"": 7, ""n_estimators"": 400, ""reg_lambda"": 0.15026899177566558, ""subsample"": 0.999176435608086}",COMPLETE
19,0.7750139448373498,2026-09-22 16:04:31.448286,2026-09-22 16:04:34.225738,0 days 00:00:02.777452,0.6174309822606524,0.025332419300826546,5,10,350,0.024153900443175044,0.9514339645988309,"{""colsample_bytree"": 0.6174309822606524, ""learning_rate"": 0.025332419300826546, ""max_depth"": 5, ""min_child_weight"": 10, ""n_estimators"": 350, ""reg_lambda"": 0.024153900443175044, ""subsample"": 0.9514339645988309}",COMPLETE
